nohup: ignoring input
Server listening on port 9000 [RR]
Client 1 @127.0.0.1:33272 → wants 480p via TCP
[TCP] Sent & ACK chunk 2 to client 1
[TCP] Sent & ACK chunk 3 to client 1
[TCP] Sent & ACK chunk 4 to client 1
[TCP] Sent & ACK chunk 5 to client 1
[TCP] Sent & ACK chunk 6 to client 1
[TCP] Sent & ACK chunk 7 to client 1
[TCP] Sent & ACK chunk 8 to client 1
[TCP] Sent & ACK chunk 9 to client 1
[TCP] Sent & ACK chunk 10 to client 1
[TCP] Sent & ACK chunk 11 to client 1
[TCP] Sent & ACK chunk 12 to client 1
[TCP] Sent & ACK chunk 13 to client 1
[TCP] Sent & ACK chunk 14 to client 1
[TCP] Sent & ACK chunk 15 to client 1
[TCP] Sent & ACK chunk 16 to client 1
[TCP] Sent & ACK chunk 17 to client 1
[TCP] Sent & ACK chunk 18 to client 1
[TCP] Sent & ACK chunk 19 to client 1
[TCP] Sent & ACK chunk 20 to client 1
[TCP] Sent & ACK chunk 21 to client 1
[TCP] Sent & ACK chunk 22 to client 1
[TCP] Sent & ACK chunk 23 to client 1
[TCP] Sent & ACK chunk 24 to client 1
[TCP] Sent & ACK chunk 25 to client 1
[TCP] Sent & ACK chunk 26 to client 1
[TCP] Sent & ACK chunk 27 to client 1
[TCP] Sent & ACK chunk 28 to client 1
[TCP] Sent & ACK chunk 29 to client 1
[TCP] Sent & ACK chunk 30 to client 1
[TCP] Sent & ACK chunk 31 to client 1
[TCP] Sent & ACK chunk 32 to client 1
[TCP] Sent & ACK chunk 33 to client 1
[TCP] Sent & ACK chunk 34 to client 1
[TCP] Sent & ACK chunk 35 to client 1
[TCP] Sent & ACK chunk 36 to client 1
[TCP] Sent & ACK chunk 37 to client 1
[TCP] Sent & ACK chunk 38 to client 1
[TCP] Sent & ACK chunk 39 to client 1
[TCP] Sent & ACK chunk 40 to client 1
[TCP] Sent & ACK chunk 41 to client 1
[TCP] Sent & ACK chunk 42 to client 1
[TCP] Sent & ACK chunk 43 to client 1
[TCP] Sent & ACK chunk 44 to client 1
[TCP] Sent & ACK chunk 45 to client 1
[TCP] Sent & ACK chunk 46 to client 1
[TCP] Sent & ACK chunk 47 to client 1
[TCP] Sent & ACK chunk 48 to client 1
[TCP] Sent & ACK chunk 49 to client 1
Client 2 @127.0.0.1:36842 → wants 720p via TCP
[TCP] Sent & ACK chunk 2 to client 2
[TCP] Sent & ACK chunk 3 to client 2
[TCP] Sent & ACK chunk 4 to client 2
[TCP] Sent & ACK chunk 5 to client 2
[TCP] Sent & ACK chunk 6 to client 2
[TCP] Sent & ACK chunk 7 to client 2
[TCP] Sent & ACK chunk 8 to client 2
[TCP] Sent & ACK chunk 9 to client 2
[TCP] Sent & ACK chunk 10 to client 2
[TCP] Sent & ACK chunk 11 to client 2
[TCP] Sent & ACK chunk 12 to client 2
[TCP] Sent & ACK chunk 13 to client 2
[TCP] Sent & ACK chunk 14 to client 2
[TCP] Sent & ACK chunk 15 to client 2
[TCP] Sent & ACK chunk 16 to client 2
[TCP] Sent & ACK chunk 17 to client 2
[TCP] Sent & ACK chunk 18 to client 2
[TCP] Sent & ACK chunk 19 to client 2
[TCP] Sent & ACK chunk 20 to client 2
[TCP] Sent & ACK chunk 21 to client 2
[TCP] Sent & ACK chunk 22 to client 2
[TCP] Sent & ACK chunk 23 to client 2
[TCP] Sent & ACK chunk 24 to client 2
[TCP] Sent & ACK chunk 25 to client 2
[TCP] Sent & ACK chunk 26 to client 2
[TCP] Sent & ACK chunk 27 to client 2
[TCP] Sent & ACK chunk 28 to client 2
[TCP] Sent & ACK chunk 29 to client 2
[TCP] Sent & ACK chunk 30 to client 2
[TCP] Sent & ACK chunk 31 to client 2
[TCP] Sent & ACK chunk 32 to client 2
[TCP] Sent & ACK chunk 33 to client 2
[TCP] Sent & ACK chunk 34 to client 2
[TCP] Sent & ACK chunk 35 to client 2
[TCP] Sent & ACK chunk 36 to client 2
[TCP] Sent & ACK chunk 37 to client 2
[TCP] Sent & ACK chunk 38 to client 2
[TCP] Sent & ACK chunk 39 to client 2
[TCP] Sent & ACK chunk 40 to client 2
[TCP] Sent & ACK chunk 41 to client 2
[TCP] Sent & ACK chunk 42 to client 2
[TCP] Sent & ACK chunk 43 to client 2
[TCP] Sent & ACK chunk 44 to client 2
[TCP] Sent & ACK chunk 45 to client 2
[TCP] Sent & ACK chunk 46 to client 2
[TCP] Sent & ACK chunk 47 to client 2
[TCP] Sent & ACK chunk 48 to client 2
[TCP] Sent & ACK chunk 49 to client 2
[TCP] Sent & ACK chunk 50 to client 2
[TCP] Sent & ACK chunk 51 to client 2
[TCP] Sent & ACK chunk 52 to client 2
[TCP] Sent & ACK chunk 53 to client 2
[TCP] Sent & ACK chunk 54 to client 2
[TCP] Sent & ACK chunk 55 to client 2
[TCP] Sent & ACK chunk 56 to client 2
[TCP] Sent & ACK chunk 57 to client 2
[TCP] Sent & ACK chunk 58 to client 2
[TCP] Sent & ACK chunk 59 to client 2
[TCP] Sent & ACK chunk 60 to client 2
[TCP] Sent & ACK chunk 61 to client 2
[TCP] Sent & ACK chunk 62 to client 2
[TCP] Sent & ACK chunk 63 to client 2
[TCP] Sent & ACK chunk 64 to client 2
[TCP] Sent & ACK chunk 65 to client 2
[TCP] Sent & ACK chunk 66 to client 2
[TCP] Sent & ACK chunk 67 to client 2
[TCP] Sent & ACK chunk 68 to client 2
[TCP] Sent & ACK chunk 69 to client 2
[TCP] Sent & ACK chunk 70 to client 2
[TCP] Sent & ACK chunk 71 to client 2
[TCP] Sent & ACK chunk 72 to client 2
[TCP] Sent & ACK chunk 73 to client 2
[TCP] Sent & ACK chunk 74 to client 2
[TCP] Sent & ACK chunk 75 to client 2
[TCP] Sent & ACK chunk 76 to client 2
[TCP] Sent & ACK chunk 77 to client 2
[TCP] Sent & ACK chunk 78 to client 2
[TCP] Sent & ACK chunk 79 to client 2
[TCP] Sent & ACK chunk 80 to client 2
[TCP] Sent & ACK chunk 81 to client 2
[TCP] Sent & ACK chunk 82 to client 2
[TCP] Sent & ACK chunk 83 to client 2
[TCP] Sent & ACK chunk 84 to client 2
[TCP] Sent & ACK chunk 85 to client 2
[TCP] Sent & ACK chunk 86 to client 2
[TCP] Sent & ACK chunk 87 to client 2
[TCP] Sent & ACK chunk 88 to client 2
[TCP] Sent & ACK chunk 89 to client 2
[TCP] Sent & ACK chunk 90 to client 2
[TCP] Sent & ACK chunk 91 to client 2
[TCP] Sent & ACK chunk 92 to client 2
[TCP] Sent & ACK chunk 93 to client 2
[TCP] Sent & ACK chunk 94 to client 2
[TCP] Sent & ACK chunk 95 to client 2
[TCP] Sent & ACK chunk 96 to client 2
[TCP] Sent & ACK chunk 97 to client 2
[TCP] Sent & ACK chunk 98 to client 2
[TCP] Sent & ACK chunk 99 to client 2
[TCP] Sent & ACK chunk 100 to client 2
[TCP] Sent & ACK chunk 101 to client 2
[TCP] Sent & ACK chunk 102 to client 2
[TCP] Sent & ACK chunk 103 to client 2
[TCP] Sent & ACK chunk 104 to client 2
[TCP] Sent & ACK chunk 105 to client 2
[TCP] Sent & ACK chunk 106 to client 2
[TCP] Sent & ACK chunk 107 to client 2
[TCP] Sent & ACK chunk 108 to client 2
[TCP] Sent & ACK chunk 109 to client 2
[TCP] Sent & ACK chunk 110 to client 2
[TCP] Sent & ACK chunk 111 to client 2
[TCP] Sent & ACK chunk 112 to client 2
[TCP] Sent & ACK chunk 113 to client 2
[TCP] Sent & ACK chunk 114 to client 2
[TCP] Sent & ACK chunk 115 to client 2
[TCP] Sent & ACK chunk 116 to client 2
[TCP] Sent & ACK chunk 117 to client 2
[TCP] Sent & ACK chunk 118 to client 2
[TCP] Sent & ACK chunk 119 to client 2
[TCP] Sent & ACK chunk 120 to client 2
[TCP] Sent & ACK chunk 121 to client 2
[TCP] Sent & ACK chunk 122 to client 2
[TCP] Sent & ACK chunk 123 to client 2
[TCP] Sent & ACK chunk 124 to client 2
[TCP] Sent & ACK chunk 125 to client 2
[TCP] Sent & ACK chunk 126 to client 2
[TCP] Sent & ACK chunk 127 to client 2
[TCP] Sent & ACK chunk 128 to client 2
[TCP] Sent & ACK chunk 129 to client 2
[TCP] Sent & ACK chunk 130 to client 2
[TCP] Sent & ACK chunk 131 to client 2
[TCP] Sent & ACK chunk 132 to client 2
[TCP] Sent & ACK chunk 133 to client 2
[TCP] Sent & ACK chunk 134 to client 2
[TCP] Sent & ACK chunk 135 to client 2
[TCP] Sent & ACK chunk 136 to client 2
[TCP] Sent & ACK chunk 137 to client 2
[TCP] Sent & ACK chunk 138 to client 2
[TCP] Sent & ACK chunk 139 to client 2
[TCP] Sent & ACK chunk 140 to client 2
[TCP] Sent & ACK chunk 141 to client 2
[TCP] Sent & ACK chunk 142 to client 2
[TCP] Sent & ACK chunk 143 to client 2
[TCP] Sent & ACK chunk 144 to client 2
[TCP] Sent & ACK chunk 145 to client 2
[TCP] Sent & ACK chunk 146 to client 2
[TCP] Sent & ACK chunk 147 to client 2
[TCP] Sent & ACK chunk 148 to client 2
[TCP] Sent & ACK chunk 149 to client 2
[TCP] Sent & ACK chunk 150 to client 2
[TCP] Sent & ACK chunk 151 to client 2
[TCP] Sent & ACK chunk 152 to client 2
[TCP] Sent & ACK chunk 153 to client 2
[TCP] Sent & ACK chunk 154 to client 2
[TCP] Sent & ACK chunk 155 to client 2
[TCP] Sent & ACK chunk 156 to client 2
[TCP] Sent & ACK chunk 157 to client 2
[TCP] Sent & ACK chunk 158 to client 2
[TCP] Sent & ACK chunk 159 to client 2
[TCP] Sent & ACK chunk 160 to client 2
[TCP] Sent & ACK chunk 161 to client 2
[TCP] Sent & ACK chunk 162 to client 2
[TCP] Sent & ACK chunk 163 to client 2
[TCP] Sent & ACK chunk 164 to client 2
[TCP] Sent & ACK chunk 165 to client 2
[TCP] Sent & ACK chunk 166 to client 2
[TCP] Sent & ACK chunk 167 to client 2
[TCP] Sent & ACK chunk 168 to client 2
[TCP] Sent & ACK chunk 169 to client 2
[TCP] Sent & ACK chunk 170 to client 2
[TCP] Sent & ACK chunk 171 to client 2
[TCP] Sent & ACK chunk 172 to client 2
[TCP] Sent & ACK chunk 173 to client 2
[TCP] Sent & ACK chunk 174 to client 2
[TCP] Sent & ACK chunk 175 to client 2
[TCP] Sent & ACK chunk 176 to client 2
[TCP] Sent & ACK chunk 177 to client 2
[TCP] Sent & ACK chunk 178 to client 2
[TCP] Sent & ACK chunk 179 to client 2
[TCP] Sent & ACK chunk 180 to client 2
[TCP] Sent & ACK chunk 181 to client 2
[TCP] Sent & ACK chunk 182 to client 2
[TCP] Sent & ACK chunk 183 to client 2
[TCP] Sent & ACK chunk 184 to client 2
[TCP] Sent & ACK chunk 185 to client 2
[TCP] Sent & ACK chunk 186 to client 2
[TCP] Sent & ACK chunk 187 to client 2
[TCP] Sent & ACK chunk 188 to client 2
[TCP] Sent & ACK chunk 189 to client 2
[TCP] Sent & ACK chunk 190 to client 2
[TCP] Sent & ACK chunk 191 to client 2
[TCP] Sent & ACK chunk 192 to client 2
[TCP] Sent & ACK chunk 193 to client 2
[TCP] Sent & ACK chunk 194 to client 2
[TCP] Sent & ACK chunk 195 to client 2
[TCP] Sent & ACK chunk 196 to client 2
[TCP] Sent & ACK chunk 197 to client 2
[TCP] Sent & ACK chunk 198 to client 2
[TCP] Sent & ACK chunk 199 to client 2
[TCP] Sent & ACK chunk 200 to client 2
[TCP] Sent & ACK chunk 201 to client 2
[TCP] Sent & ACK chunk 202 to client 2
[TCP] Sent & ACK chunk 203 to client 2
[TCP] Sent & ACK chunk 204 to client 2
[TCP] Sent & ACK chunk 205 to client 2
[TCP] Sent & ACK chunk 206 to client 2
[TCP] Sent & ACK chunk 207 to client 2
[TCP] Sent & ACK chunk 208 to client 2
[TCP] Sent & ACK chunk 209 to client 2
[TCP] Sent & ACK chunk 210 to client 2
[TCP] Sent & ACK chunk 211 to client 2
[TCP] Sent & ACK chunk 212 to client 2
[TCP] Sent & ACK chunk 213 to client 2
[TCP] Sent & ACK chunk 214 to client 2
[TCP] Sent & ACK chunk 215 to client 2
[TCP] Sent & ACK chunk 216 to client 2
[TCP] Sent & ACK chunk 217 to client 2
[TCP] Sent & ACK chunk 218 to client 2
[TCP] Sent & ACK chunk 219 to client 2
[TCP] Sent & ACK chunk 220 to client 2
[TCP] Sent & ACK chunk 221 to client 2
[TCP] Sent & ACK chunk 222 to client 2
[TCP] Sent & ACK chunk 223 to client 2
[TCP] Sent & ACK chunk 224 to client 2
[TCP] Sent & ACK chunk 225 to client 2
[TCP] Sent & ACK chunk 226 to client 2
[TCP] Sent & ACK chunk 227 to client 2
[TCP] Sent & ACK chunk 228 to client 2
[TCP] Sent & ACK chunk 229 to client 2
[TCP] Sent & ACK chunk 230 to client 2
[TCP] Sent & ACK chunk 231 to client 2
[TCP] Sent & ACK chunk 232 to client 2
[TCP] Sent & ACK chunk 233 to client 2
[TCP] Sent & ACK chunk 234 to client 2
[TCP] Sent & ACK chunk 235 to client 2
[TCP] Sent & ACK chunk 236 to client 2
[TCP] Sent & ACK chunk 237 to client 2
[TCP] Sent & ACK chunk 238 to client 2
[TCP] Sent & ACK chunk 239 to client 2
[TCP] Sent & ACK chunk 240 to client 2
[TCP] Sent & ACK chunk 241 to client 2
[TCP] Sent & ACK chunk 242 to client 2
[TCP] Sent & ACK chunk 243 to client 2
[TCP] Sent & ACK chunk 244 to client 2
[TCP] Sent & ACK chunk 245 to client 2
[TCP] Sent & ACK chunk 246 to client 2
[TCP] Sent & ACK chunk 247 to client 2
[TCP] Sent & ACK chunk 248 to client 2
[TCP] Sent & ACK chunk 249 to client 2
[TCP] Sent & ACK chunk 250 to client 2
[TCP] Sent & ACK chunk 251 to client 2
[TCP] Sent & ACK chunk 252 to client 2
[TCP] Sent & ACK chunk 253 to client 2
[TCP] Sent & ACK chunk 254 to client 2
[TCP] Sent & ACK chunk 255 to client 2
[TCP] Sent & ACK chunk 256 to client 2
[TCP] Sent & ACK chunk 257 to client 2
[TCP] Sent & ACK chunk 258 to client 2
[TCP] Sent & ACK chunk 259 to client 2
[TCP] Sent & ACK chunk 260 to client 2
[TCP] Sent & ACK chunk 261 to client 2
[TCP] Sent & ACK chunk 262 to client 2
[TCP] Sent & ACK chunk 263 to client 2
[TCP] Sent & ACK chunk 264 to client 2
[TCP] Sent & ACK chunk 265 to client 2
[TCP] Sent & ACK chunk 266 to client 2
[TCP] Sent & ACK chunk 267 to client 2
[TCP] Sent & ACK chunk 268 to client 2
[TCP] Sent & ACK chunk 269 to client 2
[TCP] Sent & ACK chunk 270 to client 2
[TCP] Sent & ACK chunk 271 to client 2
[TCP] Sent & ACK chunk 272 to client 2
[TCP] Sent & ACK chunk 273 to client 2
[TCP] Sent & ACK chunk 274 to client 2
[TCP] Sent & ACK chunk 275 to client 2
[TCP] Sent & ACK chunk 276 to client 2
[TCP] Sent & ACK chunk 277 to client 2
[TCP] Sent & ACK chunk 278 to client 2
[TCP] Sent & ACK chunk 279 to client 2
[TCP] Sent & ACK chunk 280 to client 2
[TCP] Sent & ACK chunk 281 to client 2
[TCP] Sent & ACK chunk 282 to client 2
[TCP] Sent & ACK chunk 283 to client 2
[TCP] Sent & ACK chunk 284 to client 2
[TCP] Sent & ACK chunk 285 to client 2
[TCP] Sent & ACK chunk 286 to client 2
[TCP] Sent & ACK chunk 287 to client 2
[TCP] Sent & ACK chunk 288 to client 2
[TCP] Sent & ACK chunk 289 to client 2
[TCP] Sent & ACK chunk 290 to client 2
[TCP] Sent & ACK chunk 291 to client 2
[TCP] Sent & ACK chunk 292 to client 2
[TCP] Sent & ACK chunk 293 to client 2
[TCP] Sent & ACK chunk 294 to client 2
[TCP] Sent & ACK chunk 295 to client 2
[TCP] Sent & ACK chunk 296 to client 2
[TCP] Sent & ACK chunk 297 to client 2
[TCP] Sent & ACK chunk 298 to client 2
[TCP] Sent & ACK chunk 299 to client 2
[TCP] Sent & ACK chunk 300 to client 2
[TCP] Sent & ACK chunk 301 to client 2
[TCP] Sent & ACK chunk 302 to client 2
Client 3 @127.0.0.1:54750 → wants 1080p via TCP
[TCP] Sent & ACK chunk 2 to client 3
[TCP] Sent & ACK chunk 3 to client 3
[TCP] Sent & ACK chunk 4 to client 3
[TCP] Sent & ACK chunk 5 to client 3
[TCP] Sent & ACK chunk 6 to client 3
[TCP] Sent & ACK chunk 7 to client 3
[TCP] Sent & ACK chunk 8 to client 3
[TCP] Sent & ACK chunk 9 to client 3
[TCP] Sent & ACK chunk 10 to client 3
[TCP] Sent & ACK chunk 11 to client 3
[TCP] Sent & ACK chunk 12 to client 3
[TCP] Sent & ACK chunk 13 to client 3
[TCP] Sent & ACK chunk 14 to client 3
[TCP] Sent & ACK chunk 15 to client 3
[TCP] Sent & ACK chunk 16 to client 3
[TCP] Sent & ACK chunk 17 to client 3
[TCP] Sent & ACK chunk 18 to client 3
[TCP] Sent & ACK chunk 19 to client 3
[TCP] Sent & ACK chunk 20 to client 3
[TCP] Sent & ACK chunk 21 to client 3
[TCP] Sent & ACK chunk 22 to client 3
[TCP] Sent & ACK chunk 23 to client 3
[TCP] Sent & ACK chunk 24 to client 3
[TCP] Sent & ACK chunk 25 to client 3
[TCP] Sent & ACK chunk 26 to client 3
[TCP] Sent & ACK chunk 27 to client 3
[TCP] Sent & ACK chunk 28 to client 3
[TCP] Sent & ACK chunk 29 to client 3
[TCP] Sent & ACK chunk 30 to client 3
[TCP] Sent & ACK chunk 31 to client 3
[TCP] Sent & ACK chunk 32 to client 3
[TCP] Sent & ACK chunk 33 to client 3
[TCP] Sent & ACK chunk 34 to client 3
[TCP] Sent & ACK chunk 35 to client 3
[TCP] Sent & ACK chunk 36 to client 3
[TCP] Sent & ACK chunk 37 to client 3
[TCP] Sent & ACK chunk 38 to client 3
[TCP] Sent & ACK chunk 39 to client 3
[TCP] Sent & ACK chunk 40 to client 3
[TCP] Sent & ACK chunk 41 to client 3
[TCP] Sent & ACK chunk 42 to client 3
[TCP] Sent & ACK chunk 43 to client 3
[TCP] Sent & ACK chunk 44 to client 3
[TCP] Sent & ACK chunk 45 to client 3
[TCP] Sent & ACK chunk 46 to client 3
[TCP] Sent & ACK chunk 47 to client 3
[TCP] Sent & ACK chunk 48 to client 3
[TCP] Sent & ACK chunk 49 to client 3
[TCP] Sent & ACK chunk 50 to client 3
[TCP] Sent & ACK chunk 51 to client 3
[TCP] Sent & ACK chunk 52 to client 3
[TCP] Sent & ACK chunk 53 to client 3
[TCP] Sent & ACK chunk 54 to client 3
[TCP] Sent & ACK chunk 55 to client 3
[TCP] Sent & ACK chunk 56 to client 3
[TCP] Sent & ACK chunk 57 to client 3
[TCP] Sent & ACK chunk 58 to client 3
[TCP] Sent & ACK chunk 59 to client 3
[TCP] Sent & ACK chunk 60 to client 3
[TCP] Sent & ACK chunk 61 to client 3
[TCP] Sent & ACK chunk 62 to client 3
[TCP] Sent & ACK chunk 63 to client 3
[TCP] Sent & ACK chunk 64 to client 3
[TCP] Sent & ACK chunk 65 to client 3
[TCP] Sent & ACK chunk 66 to client 3
[TCP] Sent & ACK chunk 67 to client 3
[TCP] Sent & ACK chunk 68 to client 3
[TCP] Sent & ACK chunk 69 to client 3
[TCP] Sent & ACK chunk 70 to client 3
[TCP] Sent & ACK chunk 71 to client 3
[TCP] Sent & ACK chunk 72 to client 3
[TCP] Sent & ACK chunk 73 to client 3
[TCP] Sent & ACK chunk 74 to client 3
[TCP] Sent & ACK chunk 75 to client 3
[TCP] Sent & ACK chunk 76 to client 3
[TCP] Sent & ACK chunk 77 to client 3
[TCP] Sent & ACK chunk 78 to client 3
[TCP] Sent & ACK chunk 79 to client 3
[TCP] Sent & ACK chunk 80 to client 3
[TCP] Sent & ACK chunk 81 to client 3
[TCP] Sent & ACK chunk 82 to client 3
[TCP] Sent & ACK chunk 83 to client 3
[TCP] Sent & ACK chunk 84 to client 3
[TCP] Sent & ACK chunk 85 to client 3
[TCP] Sent & ACK chunk 86 to client 3
[TCP] Sent & ACK chunk 87 to client 3
[TCP] Sent & ACK chunk 88 to client 3
[TCP] Sent & ACK chunk 89 to client 3
[TCP] Sent & ACK chunk 90 to client 3
[TCP] Sent & ACK chunk 91 to client 3
[TCP] Sent & ACK chunk 92 to client 3
[TCP] Sent & ACK chunk 93 to client 3
[TCP] Sent & ACK chunk 94 to client 3
[TCP] Sent & ACK chunk 95 to client 3
[TCP] Sent & ACK chunk 96 to client 3
[TCP] Sent & ACK chunk 97 to client 3
[TCP] Sent & ACK chunk 98 to client 3
[TCP] Sent & ACK chunk 99 to client 3
[TCP] Sent & ACK chunk 100 to client 3
[TCP] Sent & ACK chunk 101 to client 3
[TCP] Sent & ACK chunk 102 to client 3
[TCP] Sent & ACK chunk 103 to client 3
[TCP] Sent & ACK chunk 104 to client 3
[TCP] Sent & ACK chunk 105 to client 3
[TCP] Sent & ACK chunk 106 to client 3
[TCP] Sent & ACK chunk 107 to client 3
[TCP] Sent & ACK chunk 108 to client 3
[TCP] Sent & ACK chunk 109 to client 3
[TCP] Sent & ACK chunk 110 to client 3
[TCP] Sent & ACK chunk 111 to client 3
[TCP] Sent & ACK chunk 112 to client 3
[TCP] Sent & ACK chunk 113 to client 3
[TCP] Sent & ACK chunk 114 to client 3
[TCP] Sent & ACK chunk 115 to client 3
[TCP] Sent & ACK chunk 116 to client 3
[TCP] Sent & ACK chunk 117 to client 3
[TCP] Sent & ACK chunk 118 to client 3
[TCP] Sent & ACK chunk 119 to client 3
[TCP] Sent & ACK chunk 120 to client 3
[TCP] Sent & ACK chunk 121 to client 3
[TCP] Sent & ACK chunk 122 to client 3
[TCP] Sent & ACK chunk 123 to client 3
[TCP] Sent & ACK chunk 124 to client 3
[TCP] Sent & ACK chunk 125 to client 3
[TCP] Sent & ACK chunk 126 to client 3
[TCP] Sent & ACK chunk 127 to client 3
[TCP] Sent & ACK chunk 128 to client 3
[TCP] Sent & ACK chunk 129 to client 3
[TCP] Sent & ACK chunk 130 to client 3
[TCP] Sent & ACK chunk 131 to client 3
[TCP] Sent & ACK chunk 132 to client 3
[TCP] Sent & ACK chunk 133 to client 3
[TCP] Sent & ACK chunk 134 to client 3
[TCP] Sent & ACK chunk 135 to client 3
[TCP] Sent & ACK chunk 136 to client 3
[TCP] Sent & ACK chunk 137 to client 3
[TCP] Sent & ACK chunk 138 to client 3
[TCP] Sent & ACK chunk 139 to client 3
[TCP] Sent & ACK chunk 140 to client 3
[TCP] Sent & ACK chunk 141 to client 3
[TCP] Sent & ACK chunk 142 to client 3
[TCP] Sent & ACK chunk 143 to client 3
[TCP] Sent & ACK chunk 144 to client 3
[TCP] Sent & ACK chunk 145 to client 3
[TCP] Sent & ACK chunk 146 to client 3
[TCP] Sent & ACK chunk 147 to client 3
[TCP] Sent & ACK chunk 148 to client 3
[TCP] Sent & ACK chunk 149 to client 3
[TCP] Sent & ACK chunk 150 to client 3
[TCP] Sent & ACK chunk 151 to client 3
[TCP] Sent & ACK chunk 152 to client 3
[TCP] Sent & ACK chunk 153 to client 3
[TCP] Sent & ACK chunk 154 to client 3
[TCP] Sent & ACK chunk 155 to client 3
[TCP] Sent & ACK chunk 156 to client 3
[TCP] Sent & ACK chunk 157 to client 3
[TCP] Sent & ACK chunk 158 to client 3
[TCP] Sent & ACK chunk 159 to client 3
[TCP] Sent & ACK chunk 160 to client 3
[TCP] Sent & ACK chunk 161 to client 3
[TCP] Sent & ACK chunk 162 to client 3
[TCP] Sent & ACK chunk 163 to client 3
[TCP] Sent & ACK chunk 164 to client 3
[TCP] Sent & ACK chunk 165 to client 3
[TCP] Sent & ACK chunk 166 to client 3
[TCP] Sent & ACK chunk 167 to client 3
[TCP] Sent & ACK chunk 168 to client 3
[TCP] Sent & ACK chunk 169 to client 3
[TCP] Sent & ACK chunk 170 to client 3
[TCP] Sent & ACK chunk 171 to client 3
[TCP] Sent & ACK chunk 172 to client 3
[TCP] Sent & ACK chunk 173 to client 3
[TCP] Sent & ACK chunk 174 to client 3
[TCP] Sent & ACK chunk 175 to client 3
[TCP] Sent & ACK chunk 176 to client 3
[TCP] Sent & ACK chunk 177 to client 3
[TCP] Sent & ACK chunk 178 to client 3
[TCP] Sent & ACK chunk 179 to client 3
[TCP] Sent & ACK chunk 180 to client 3
[TCP] Sent & ACK chunk 181 to client 3
[TCP] Sent & ACK chunk 182 to client 3
[TCP] Sent & ACK chunk 183 to client 3
[TCP] Sent & ACK chunk 184 to client 3
[TCP] Sent & ACK chunk 185 to client 3
[TCP] Sent & ACK chunk 186 to client 3
[TCP] Sent & ACK chunk 187 to client 3
[TCP] Sent & ACK chunk 188 to client 3
[TCP] Sent & ACK chunk 189 to client 3
[TCP] Sent & ACK chunk 190 to client 3
[TCP] Sent & ACK chunk 191 to client 3
[TCP] Sent & ACK chunk 192 to client 3
[TCP] Sent & ACK chunk 193 to client 3
[TCP] Sent & ACK chunk 194 to client 3
[TCP] Sent & ACK chunk 195 to client 3
[TCP] Sent & ACK chunk 196 to client 3
[TCP] Sent & ACK chunk 197 to client 3
[TCP] Sent & ACK chunk 198 to client 3
[TCP] Sent & ACK chunk 199 to client 3
[TCP] Sent & ACK chunk 200 to client 3
[TCP] Sent & ACK chunk 201 to client 3
[TCP] Sent & ACK chunk 202 to client 3
[TCP] Sent & ACK chunk 203 to client 3
[TCP] Sent & ACK chunk 204 to client 3
[TCP] Sent & ACK chunk 205 to client 3
[TCP] Sent & ACK chunk 206 to client 3
[TCP] Sent & ACK chunk 207 to client 3
[TCP] Sent & ACK chunk 208 to client 3
[TCP] Sent & ACK chunk 209 to client 3
[TCP] Sent & ACK chunk 210 to client 3
[TCP] Sent & ACK chunk 211 to client 3
[TCP] Sent & ACK chunk 212 to client 3
[TCP] Sent & ACK chunk 213 to client 3
[TCP] Sent & ACK chunk 214 to client 3
[TCP] Sent & ACK chunk 215 to client 3
[TCP] Sent & ACK chunk 216 to client 3
[TCP] Sent & ACK chunk 217 to client 3
[TCP] Sent & ACK chunk 218 to client 3
[TCP] Sent & ACK chunk 219 to client 3
[TCP] Sent & ACK chunk 220 to client 3
[TCP] Sent & ACK chunk 221 to client 3
[TCP] Sent & ACK chunk 222 to client 3
[TCP] Sent & ACK chunk 223 to client 3
[TCP] Sent & ACK chunk 224 to client 3
[TCP] Sent & ACK chunk 225 to client 3
[TCP] Sent & ACK chunk 226 to client 3
[TCP] Sent & ACK chunk 227 to client 3
[TCP] Sent & ACK chunk 228 to client 3
[TCP] Sent & ACK chunk 229 to client 3
[TCP] Sent & ACK chunk 230 to client 3
[TCP] Sent & ACK chunk 231 to client 3
[TCP] Sent & ACK chunk 232 to client 3
[TCP] Sent & ACK chunk 233 to client 3
[TCP] Sent & ACK chunk 234 to client 3
[TCP] Sent & ACK chunk 235 to client 3
[TCP] Sent & ACK chunk 236 to client 3
[TCP] Sent & ACK chunk 237 to client 3
[TCP] Sent & ACK chunk 238 to client 3
[TCP] Sent & ACK chunk 239 to client 3
[TCP] Sent & ACK chunk 240 to client 3
[TCP] Sent & ACK chunk 241 to client 3
[TCP] Sent & ACK chunk 242 to client 3
[TCP] Sent & ACK chunk 243 to client 3
[TCP] Sent & ACK chunk 244 to client 3
[TCP] Sent & ACK chunk 245 to client 3
[TCP] Sent & ACK chunk 246 to client 3
[TCP] Sent & ACK chunk 247 to client 3
[TCP] Sent & ACK chunk 248 to client 3
[TCP] Sent & ACK chunk 249 to client 3
[TCP] Sent & ACK chunk 250 to client 3
[TCP] Sent & ACK chunk 251 to client 3
[TCP] Sent & ACK chunk 252 to client 3
[TCP] Sent & ACK chunk 253 to client 3
[TCP] Sent & ACK chunk 254 to client 3
[TCP] Sent & ACK chunk 255 to client 3
[TCP] Sent & ACK chunk 256 to client 3
[TCP] Sent & ACK chunk 257 to client 3
[TCP] Sent & ACK chunk 258 to client 3
[TCP] Sent & ACK chunk 259 to client 3
[TCP] Sent & ACK chunk 260 to client 3
[TCP] Sent & ACK chunk 261 to client 3
[TCP] Sent & ACK chunk 262 to client 3
[TCP] Sent & ACK chunk 263 to client 3
[TCP] Sent & ACK chunk 264 to client 3
[TCP] Sent & ACK chunk 265 to client 3
[TCP] Sent & ACK chunk 266 to client 3
[TCP] Sent & ACK chunk 267 to client 3
[TCP] Sent & ACK chunk 268 to client 3
[TCP] Sent & ACK chunk 269 to client 3
[TCP] Sent & ACK chunk 270 to client 3
[TCP] Sent & ACK chunk 271 to client 3
[TCP] Sent & ACK chunk 272 to client 3
[TCP] Sent & ACK chunk 273 to client 3
[TCP] Sent & ACK chunk 274 to client 3
[TCP] Sent & ACK chunk 275 to client 3
[TCP] Sent & ACK chunk 276 to client 3
[TCP] Sent & ACK chunk 277 to client 3
[TCP] Sent & ACK chunk 278 to client 3
[TCP] Sent & ACK chunk 279 to client 3
[TCP] Sent & ACK chunk 280 to client 3
[TCP] Sent & ACK chunk 281 to client 3
[TCP] Sent & ACK chunk 282 to client 3
[TCP] Sent & ACK chunk 283 to client 3
[TCP] Sent & ACK chunk 284 to client 3
[TCP] Sent & ACK chunk 285 to client 3
[TCP] Sent & ACK chunk 286 to client 3
[TCP] Sent & ACK chunk 287 to client 3
[TCP] Sent & ACK chunk 288 to client 3
[TCP] Sent & ACK chunk 289 to client 3
[TCP] Sent & ACK chunk 290 to client 3
[TCP] Sent & ACK chunk 291 to client 3
[TCP] Sent & ACK chunk 292 to client 3
[TCP] Sent & ACK chunk 293 to client 3
[TCP] Sent & ACK chunk 294 to client 3
[TCP] Sent & ACK chunk 295 to client 3
[TCP] Sent & ACK chunk 296 to client 3
[TCP] Sent & ACK chunk 297 to client 3
[TCP] Sent & ACK chunk 298 to client 3
[TCP] Sent & ACK chunk 299 to client 3
[TCP] Sent & ACK chunk 300 to client 3
[TCP] Sent & ACK chunk 301 to client 3
[TCP] Sent & ACK chunk 302 to client 3
[TCP] Sent & ACK chunk 303 to client 3
[TCP] Sent & ACK chunk 304 to client 3
[TCP] Sent & ACK chunk 305 to client 3
[TCP] Sent & ACK chunk 306 to client 3
[TCP] Sent & ACK chunk 307 to client 3
[TCP] Sent & ACK chunk 308 to client 3
[TCP] Sent & ACK chunk 309 to client 3
[TCP] Sent & ACK chunk 310 to client 3
[TCP] Sent & ACK chunk 311 to client 3
[TCP] Sent & ACK chunk 312 to client 3
[TCP] Sent & ACK chunk 313 to client 3
[TCP] Sent & ACK chunk 314 to client 3
[TCP] Sent & ACK chunk 315 to client 3
[TCP] Sent & ACK chunk 316 to client 3
[TCP] Sent & ACK chunk 317 to client 3
[TCP] Sent & ACK chunk 318 to client 3
[TCP] Sent & ACK chunk 319 to client 3
[TCP] Sent & ACK chunk 320 to client 3
[TCP] Sent & ACK chunk 321 to client 3
[TCP] Sent & ACK chunk 322 to client 3
[TCP] Sent & ACK chunk 323 to client 3
[TCP] Sent & ACK chunk 324 to client 3
[TCP] Sent & ACK chunk 325 to client 3
[TCP] Sent & ACK chunk 326 to client 3
[TCP] Sent & ACK chunk 327 to client 3
[TCP] Sent & ACK chunk 328 to client 3
[TCP] Sent & ACK chunk 329 to client 3
[TCP] Sent & ACK chunk 330 to client 3
[TCP] Sent & ACK chunk 331 to client 3
[TCP] Sent & ACK chunk 332 to client 3
[TCP] Sent & ACK chunk 333 to client 3
[TCP] Sent & ACK chunk 334 to client 3
[TCP] Sent & ACK chunk 335 to client 3
[TCP] Sent & ACK chunk 336 to client 3
[TCP] Sent & ACK chunk 337 to client 3
[TCP] Sent & ACK chunk 338 to client 3
[TCP] Sent & ACK chunk 339 to client 3
[TCP] Sent & ACK chunk 340 to client 3
[TCP] Sent & ACK chunk 341 to client 3
[TCP] Sent & ACK chunk 342 to client 3
[TCP] Sent & ACK chunk 343 to client 3
[TCP] Sent & ACK chunk 344 to client 3
[TCP] Sent & ACK chunk 345 to client 3
[TCP] Sent & ACK chunk 346 to client 3
[TCP] Sent & ACK chunk 347 to client 3
[TCP] Sent & ACK chunk 348 to client 3
[TCP] Sent & ACK chunk 349 to client 3
[TCP] Sent & ACK chunk 350 to client 3
[TCP] Sent & ACK chunk 351 to client 3
[TCP] Sent & ACK chunk 352 to client 3
[TCP] Sent & ACK chunk 353 to client 3
[TCP] Sent & ACK chunk 354 to client 3
[TCP] Sent & ACK chunk 355 to client 3
[TCP] Sent & ACK chunk 356 to client 3
[TCP] Sent & ACK chunk 357 to client 3
[TCP] Sent & ACK chunk 358 to client 3
[TCP] Sent & ACK chunk 359 to client 3
[TCP] Sent & ACK chunk 360 to client 3
[TCP] Sent & ACK chunk 361 to client 3
[TCP] Sent & ACK chunk 362 to client 3
[TCP] Sent & ACK chunk 363 to client 3
[TCP] Sent & ACK chunk 364 to client 3
[TCP] Sent & ACK chunk 365 to client 3
[TCP] Sent & ACK chunk 366 to client 3
[TCP] Sent & ACK chunk 367 to client 3
[TCP] Sent & ACK chunk 368 to client 3
[TCP] Sent & ACK chunk 369 to client 3
[TCP] Sent & ACK chunk 370 to client 3
[TCP] Sent & ACK chunk 371 to client 3
[TCP] Sent & ACK chunk 372 to client 3
[TCP] Sent & ACK chunk 373 to client 3
[TCP] Sent & ACK chunk 374 to client 3
[TCP] Sent & ACK chunk 375 to client 3
[TCP] Sent & ACK chunk 376 to client 3
[TCP] Sent & ACK chunk 377 to client 3
[TCP] Sent & ACK chunk 378 to client 3
[TCP] Sent & ACK chunk 379 to client 3
[TCP] Sent & ACK chunk 380 to client 3
[TCP] Sent & ACK chunk 381 to client 3
[TCP] Sent & ACK chunk 382 to client 3
[TCP] Sent & ACK chunk 383 to client 3
[TCP] Sent & ACK chunk 384 to client 3
[TCP] Sent & ACK chunk 385 to client 3
[TCP] Sent & ACK chunk 386 to client 3
[TCP] Sent & ACK chunk 387 to client 3
[TCP] Sent & ACK chunk 388 to client 3
[TCP] Sent & ACK chunk 389 to client 3
[TCP] Sent & ACK chunk 390 to client 3
[TCP] Sent & ACK chunk 391 to client 3
[TCP] Sent & ACK chunk 392 to client 3
[TCP] Sent & ACK chunk 393 to client 3
[TCP] Sent & ACK chunk 394 to client 3
[TCP] Sent & ACK chunk 395 to client 3
[TCP] Sent & ACK chunk 396 to client 3
[TCP] Sent & ACK chunk 397 to client 3
[TCP] Sent & ACK chunk 398 to client 3
[TCP] Sent & ACK chunk 399 to client 3
[TCP] Sent & ACK chunk 400 to client 3
[TCP] Sent & ACK chunk 401 to client 3
[TCP] Sent & ACK chunk 402 to client 3
[TCP] Sent & ACK chunk 403 to client 3
[TCP] Sent & ACK chunk 404 to client 3
[TCP] Sent & ACK chunk 405 to client 3
[TCP] Sent & ACK chunk 406 to client 3
[TCP] Sent & ACK chunk 407 to client 3
[TCP] Sent & ACK chunk 408 to client 3
[TCP] Sent & ACK chunk 409 to client 3
[TCP] Sent & ACK chunk 410 to client 3
[TCP] Sent & ACK chunk 411 to client 3
[TCP] Sent & ACK chunk 412 to client 3
[TCP] Sent & ACK chunk 413 to client 3
[TCP] Sent & ACK chunk 414 to client 3
[TCP] Sent & ACK chunk 415 to client 3
[TCP] Sent & ACK chunk 416 to client 3
[TCP] Sent & ACK chunk 417 to client 3
[TCP] Sent & ACK chunk 418 to client 3
[TCP] Sent & ACK chunk 419 to client 3
[TCP] Sent & ACK chunk 420 to client 3
[TCP] Sent & ACK chunk 421 to client 3
[TCP] Sent & ACK chunk 422 to client 3
[TCP] Sent & ACK chunk 423 to client 3
[TCP] Sent & ACK chunk 424 to client 3
[TCP] Sent & ACK chunk 425 to client 3
[TCP] Sent & ACK chunk 426 to client 3
[TCP] Sent & ACK chunk 427 to client 3
[TCP] Sent & ACK chunk 428 to client 3
[TCP] Sent & ACK chunk 429 to client 3
[TCP] Sent & ACK chunk 430 to client 3
[TCP] Sent & ACK chunk 431 to client 3
[TCP] Sent & ACK chunk 432 to client 3
[TCP] Sent & ACK chunk 433 to client 3
[TCP] Sent & ACK chunk 434 to client 3
[TCP] Sent & ACK chunk 435 to client 3
[TCP] Sent & ACK chunk 436 to client 3
[TCP] Sent & ACK chunk 437 to client 3
[TCP] Sent & ACK chunk 438 to client 3
[TCP] Sent & ACK chunk 439 to client 3
[TCP] Sent & ACK chunk 440 to client 3
[TCP] Sent & ACK chunk 441 to client 3
[TCP] Sent & ACK chunk 442 to client 3
[TCP] Sent & ACK chunk 443 to client 3
[TCP] Sent & ACK chunk 444 to client 3
[TCP] Sent & ACK chunk 445 to client 3
[TCP] Sent & ACK chunk 446 to client 3
[TCP] Sent & ACK chunk 447 to client 3
[TCP] Sent & ACK chunk 448 to client 3
[TCP] Sent & ACK chunk 449 to client 3
[TCP] Sent & ACK chunk 450 to client 3
[TCP] Sent & ACK chunk 451 to client 3
[TCP] Sent & ACK chunk 452 to client 3
[TCP] Sent & ACK chunk 453 to client 3
[TCP] Sent & ACK chunk 454 to client 3
[TCP] Sent & ACK chunk 455 to client 3
[TCP] Sent & ACK chunk 456 to client 3
[TCP] Sent & ACK chunk 457 to client 3
[TCP] Sent & ACK chunk 458 to client 3
[TCP] Sent & ACK chunk 459 to client 3
[TCP] Sent & ACK chunk 460 to client 3
[TCP] Sent & ACK chunk 461 to client 3
[TCP] Sent & ACK chunk 462 to client 3
[TCP] Sent & ACK chunk 463 to client 3
[TCP] Sent & ACK chunk 464 to client 3
[TCP] Sent & ACK chunk 465 to client 3
[TCP] Sent & ACK chunk 466 to client 3
[TCP] Sent & ACK chunk 467 to client 3
[TCP] Sent & ACK chunk 468 to client 3
[TCP] Sent & ACK chunk 469 to client 3
[TCP] Sent & ACK chunk 470 to client 3
[TCP] Sent & ACK chunk 471 to client 3
[TCP] Sent & ACK chunk 472 to client 3
[TCP] Sent & ACK chunk 473 to client 3
[TCP] Sent & ACK chunk 474 to client 3
[TCP] Sent & ACK chunk 475 to client 3
[TCP] Sent & ACK chunk 476 to client 3
[TCP] Sent & ACK chunk 477 to client 3
[TCP] Sent & ACK chunk 478 to client 3
[TCP] Sent & ACK chunk 479 to client 3
[TCP] Sent & ACK chunk 480 to client 3
[TCP] Sent & ACK chunk 481 to client 3
[TCP] Sent & ACK chunk 482 to client 3
[TCP] Sent & ACK chunk 483 to client 3
[TCP] Sent & ACK chunk 484 to client 3
[TCP] Sent & ACK chunk 485 to client 3
[TCP] Sent & ACK chunk 486 to client 3
[TCP] Sent & ACK chunk 487 to client 3
[TCP] Sent & ACK chunk 488 to client 3
[TCP] Sent & ACK chunk 489 to client 3
[TCP] Sent & ACK chunk 490 to client 3
[TCP] Sent & ACK chunk 491 to client 3
[TCP] Sent & ACK chunk 492 to client 3
[TCP] Sent & ACK chunk 493 to client 3
[TCP] Sent & ACK chunk 494 to client 3
[TCP] Sent & ACK chunk 495 to client 3
[TCP] Sent & ACK chunk 496 to client 3
[TCP] Sent & ACK chunk 497 to client 3
[TCP] Sent & ACK chunk 498 to client 3
[TCP] Sent & ACK chunk 499 to client 3
[TCP] Sent & ACK chunk 500 to client 3
[TCP] Sent & ACK chunk 501 to client 3
[TCP] Sent & ACK chunk 502 to client 3
[TCP] Sent & ACK chunk 503 to client 3
[TCP] Sent & ACK chunk 504 to client 3
[TCP] Sent & ACK chunk 505 to client 3
[TCP] Sent & ACK chunk 506 to client 3
[TCP] Sent & ACK chunk 507 to client 3
[TCP] Sent & ACK chunk 508 to client 3
[TCP] Sent & ACK chunk 509 to client 3
[TCP] Sent & ACK chunk 510 to client 3
[TCP] Sent & ACK chunk 511 to client 3
[TCP] Sent & ACK chunk 512 to client 3
[TCP] Sent & ACK chunk 513 to client 3
[TCP] Sent & ACK chunk 514 to client 3
[TCP] Sent & ACK chunk 515 to client 3
[TCP] Sent & ACK chunk 516 to client 3
[TCP] Sent & ACK chunk 517 to client 3
[TCP] Sent & ACK chunk 518 to client 3
[TCP] Sent & ACK chunk 519 to client 3
[TCP] Sent & ACK chunk 520 to client 3
[TCP] Sent & ACK chunk 521 to client 3
[TCP] Sent & ACK chunk 522 to client 3
[TCP] Sent & ACK chunk 523 to client 3
[TCP] Sent & ACK chunk 524 to client 3
[TCP] Sent & ACK chunk 525 to client 3
[TCP] Sent & ACK chunk 526 to client 3
[TCP] Sent & ACK chunk 527 to client 3
[TCP] Sent & ACK chunk 528 to client 3
[TCP] Sent & ACK chunk 529 to client 3
[TCP] Sent & ACK chunk 530 to client 3
[TCP] Sent & ACK chunk 531 to client 3
[TCP] Sent & ACK chunk 532 to client 3
[TCP] Sent & ACK chunk 533 to client 3
[TCP] Sent & ACK chunk 534 to client 3
[TCP] Sent & ACK chunk 535 to client 3
[TCP] Sent & ACK chunk 536 to client 3
[TCP] Sent & ACK chunk 537 to client 3
[TCP] Sent & ACK chunk 538 to client 3
[TCP] Sent & ACK chunk 539 to client 3
[TCP] Sent & ACK chunk 540 to client 3
[TCP] Sent & ACK chunk 541 to client 3
[TCP] Sent & ACK chunk 542 to client 3
[TCP] Sent & ACK chunk 543 to client 3
[TCP] Sent & ACK chunk 544 to client 3
[TCP] Sent & ACK chunk 545 to client 3
[TCP] Sent & ACK chunk 546 to client 3
Client 4 @127.0.0.1:52630 → wants 480p via UDP (UDP port 55042)
UDP Chunk 1 sent to client 4
UDP Chunk 2 sent to client 4
UDP Chunk 3 sent to client 4
UDP Chunk 4 sent to client 4
UDP Chunk 5 sent to client 4
UDP Chunk 6 sent to client 4
UDP Chunk 7 sent to client 4
UDP Chunk 8 sent to client 4
UDP Chunk 9 sent to client 4
UDP Chunk 10 sent to client 4
UDP Chunk 11 sent to client 4
UDP Chunk 12 sent to client 4
UDP Chunk 13 sent to client 4
UDP Chunk 14 sent to client 4
UDP Chunk 15 sent to client 4
UDP Chunk 16 sent to client 4
UDP Chunk 17 sent to client 4
UDP Chunk 18 sent to client 4
UDP Chunk 19 sent to client 4
UDP Chunk 20 sent to client 4
UDP Chunk 21 sent to client 4
UDP Chunk 22 sent to client 4
UDP Chunk 23 sent to client 4
UDP Chunk 24 sent to client 4
UDP Chunk 25 sent to client 4
UDP chunk 26 dropped.
UDP Chunk 27 sent to client 4
UDP Chunk 28 sent to client 4
UDP Chunk 29 sent to client 4
UDP Chunk 30 sent to client 4
UDP Chunk 31 sent to client 4
UDP Chunk 32 sent to client 4
UDP Chunk 33 sent to client 4
UDP Chunk 34 sent to client 4
UDP Chunk 35 sent to client 4
UDP Chunk 36 sent to client 4
UDP Chunk 37 sent to client 4
UDP Chunk 38 sent to client 4
UDP Chunk 39 sent to client 4
UDP Chunk 40 sent to client 4
UDP Chunk 41 sent to client 4
UDP Chunk 42 sent to client 4
UDP Chunk 43 sent to client 4
UDP Chunk 44 sent to client 4
UDP Chunk 45 sent to client 4
UDP Chunk 46 sent to client 4
UDP Chunk 47 sent to client 4
UDP Chunk 48 sent to client 4
Client 5 @127.0.0.1:41864 → wants 720p via UDP (UDP port 54335)
UDP Chunk 1 sent to client 5
UDP Chunk 2 sent to client 5
UDP Chunk 3 sent to client 5
UDP Chunk 4 sent to client 5
UDP Chunk 5 sent to client 5
UDP Chunk 6 sent to client 5
UDP Chunk 7 sent to client 5
UDP Chunk 8 sent to client 5
UDP Chunk 9 sent to client 5
UDP Chunk 10 sent to client 5
UDP Chunk 11 sent to client 5
UDP Chunk 12 sent to client 5
UDP Chunk 13 sent to client 5
UDP Chunk 14 sent to client 5
UDP Chunk 15 sent to client 5
UDP Chunk 16 sent to client 5
UDP Chunk 17 sent to client 5
UDP Chunk 18 sent to client 5
UDP Chunk 19 sent to client 5
UDP Chunk 20 sent to client 5
UDP Chunk 21 sent to client 5
UDP Chunk 22 sent to client 5
UDP Chunk 23 sent to client 5
UDP Chunk 24 sent to client 5
UDP chunk 25 dropped.
UDP Chunk 26 sent to client 5
UDP Chunk 27 sent to client 5
UDP chunk 28 dropped.
UDP Chunk 29 sent to client 5
UDP Chunk 30 sent to client 5
UDP Chunk 31 sent to client 5
UDP Chunk 32 sent to client 5
UDP Chunk 33 sent to client 5
UDP Chunk 34 sent to client 5
UDP Chunk 35 sent to client 5
UDP Chunk 36 sent to client 5
UDP Chunk 37 sent to client 5
UDP Chunk 38 sent to client 5
UDP Chunk 39 sent to client 5
UDP Chunk 40 sent to client 5
UDP Chunk 41 sent to client 5
UDP Chunk 42 sent to client 5
UDP Chunk 43 sent to client 5
UDP Chunk 44 sent to client 5
UDP Chunk 45 sent to client 5
UDP Chunk 46 sent to client 5
UDP Chunk 47 sent to client 5
UDP Chunk 48 sent to client 5
UDP Chunk 49 sent to client 5
UDP Chunk 50 sent to client 5
UDP Chunk 51 sent to client 5
UDP Chunk 52 sent to client 5
UDP Chunk 53 sent to client 5
UDP Chunk 54 sent to client 5
UDP Chunk 55 sent to client 5
UDP Chunk 56 sent to client 5
UDP Chunk 57 sent to client 5
UDP Chunk 58 sent to client 5
UDP Chunk 59 sent to client 5
UDP Chunk 60 sent to client 5
UDP Chunk 61 sent to client 5
UDP Chunk 62 sent to client 5
UDP Chunk 63 sent to client 5
UDP Chunk 64 sent to client 5
UDP Chunk 65 sent to client 5
UDP Chunk 66 sent to client 5
UDP Chunk 67 sent to client 5
UDP Chunk 68 sent to client 5
UDP chunk 69 dropped.
UDP Chunk 70 sent to client 5
UDP Chunk 71 sent to client 5
UDP chunk 72 dropped.
UDP Chunk 73 sent to client 5
UDP Chunk 74 sent to client 5
UDP Chunk 75 sent to client 5
UDP Chunk 76 sent to client 5
UDP Chunk 77 sent to client 5
UDP Chunk 78 sent to client 5
UDP Chunk 79 sent to client 5
UDP Chunk 80 sent to client 5
UDP chunk 81 dropped.
UDP Chunk 82 sent to client 5
UDP Chunk 83 sent to client 5
UDP Chunk 84 sent to client 5
UDP Chunk 85 sent to client 5
UDP Chunk 86 sent to client 5
UDP Chunk 87 sent to client 5
UDP Chunk 88 sent to client 5
UDP Chunk 89 sent to client 5
UDP Chunk 90 sent to client 5
UDP Chunk 91 sent to client 5
UDP Chunk 92 sent to client 5
UDP Chunk 93 sent to client 5
UDP Chunk 94 sent to client 5
UDP Chunk 95 sent to client 5
UDP Chunk 96 sent to client 5
UDP Chunk 97 sent to client 5
UDP Chunk 98 sent to client 5
UDP Chunk 99 sent to client 5
UDP Chunk 100 sent to client 5
UDP Chunk 101 sent to client 5
UDP Chunk 102 sent to client 5
UDP Chunk 103 sent to client 5
UDP Chunk 104 sent to client 5
UDP Chunk 105 sent to client 5
UDP Chunk 106 sent to client 5
UDP Chunk 107 sent to client 5
UDP Chunk 108 sent to client 5
UDP Chunk 109 sent to client 5
UDP chunk 110 dropped.
UDP Chunk 111 sent to client 5
UDP Chunk 112 sent to client 5
UDP Chunk 113 sent to client 5
UDP Chunk 114 sent to client 5
UDP Chunk 115 sent to client 5
UDP Chunk 116 sent to client 5
UDP Chunk 117 sent to client 5
UDP Chunk 118 sent to client 5
UDP Chunk 119 sent to client 5
UDP Chunk 120 sent to client 5
UDP Chunk 121 sent to client 5
UDP Chunk 122 sent to client 5
UDP Chunk 123 sent to client 5
UDP Chunk 124 sent to client 5
UDP Chunk 125 sent to client 5
UDP Chunk 126 sent to client 5
UDP Chunk 127 sent to client 5
UDP Chunk 128 sent to client 5
UDP Chunk 129 sent to client 5
UDP chunk 130 dropped.
UDP Chunk 131 sent to client 5
UDP chunk 132 dropped.
UDP Chunk 133 sent to client 5
UDP Chunk 134 sent to client 5
UDP Chunk 135 sent to client 5
UDP Chunk 136 sent to client 5
UDP Chunk 137 sent to client 5
UDP Chunk 138 sent to client 5
UDP Chunk 139 sent to client 5
UDP Chunk 140 sent to client 5
UDP Chunk 141 sent to client 5
UDP Chunk 142 sent to client 5
UDP Chunk 143 sent to client 5
UDP Chunk 144 sent to client 5
UDP Chunk 145 sent to client 5
UDP Chunk 146 sent to client 5
UDP Chunk 147 sent to client 5
UDP Chunk 148 sent to client 5
UDP Chunk 149 sent to client 5
UDP Chunk 150 sent to client 5
UDP Chunk 151 sent to client 5
UDP Chunk 152 sent to client 5
UDP Chunk 153 sent to client 5
UDP Chunk 154 sent to client 5
UDP Chunk 155 sent to client 5
UDP Chunk 156 sent to client 5
UDP Chunk 157 sent to client 5
UDP Chunk 158 sent to client 5
UDP Chunk 159 sent to client 5
UDP Chunk 160 sent to client 5
UDP Chunk 161 sent to client 5
UDP Chunk 162 sent to client 5
UDP Chunk 163 sent to client 5
UDP Chunk 164 sent to client 5
UDP Chunk 165 sent to client 5
UDP Chunk 166 sent to client 5
UDP chunk 167 dropped.
UDP Chunk 168 sent to client 5
UDP Chunk 169 sent to client 5
UDP Chunk 170 sent to client 5
UDP Chunk 171 sent to client 5
UDP Chunk 172 sent to client 5
UDP chunk 173 dropped.
UDP Chunk 174 sent to client 5
UDP Chunk 175 sent to client 5
UDP Chunk 176 sent to client 5
UDP chunk 177 dropped.
UDP Chunk 178 sent to client 5
UDP Chunk 179 sent to client 5
UDP Chunk 180 sent to client 5
UDP Chunk 181 sent to client 5
UDP Chunk 182 sent to client 5
UDP Chunk 183 sent to client 5
UDP Chunk 184 sent to client 5
UDP Chunk 185 sent to client 5
UDP Chunk 186 sent to client 5
UDP Chunk 187 sent to client 5
UDP Chunk 188 sent to client 5
UDP Chunk 189 sent to client 5
UDP Chunk 190 sent to client 5
UDP Chunk 191 sent to client 5
UDP Chunk 192 sent to client 5
UDP Chunk 193 sent to client 5
UDP Chunk 194 sent to client 5
UDP Chunk 195 sent to client 5
UDP Chunk 196 sent to client 5
UDP Chunk 197 sent to client 5
UDP Chunk 198 sent to client 5
UDP Chunk 199 sent to client 5
UDP Chunk 200 sent to client 5
UDP Chunk 201 sent to client 5
UDP Chunk 202 sent to client 5
UDP Chunk 203 sent to client 5
UDP Chunk 204 sent to client 5
UDP Chunk 205 sent to client 5
UDP Chunk 206 sent to client 5
UDP Chunk 207 sent to client 5
UDP Chunk 208 sent to client 5
UDP Chunk 209 sent to client 5
UDP Chunk 210 sent to client 5
UDP Chunk 211 sent to client 5
UDP Chunk 212 sent to client 5
UDP Chunk 213 sent to client 5
UDP Chunk 214 sent to client 5
UDP Chunk 215 sent to client 5
UDP Chunk 216 sent to client 5
UDP Chunk 217 sent to client 5
UDP Chunk 218 sent to client 5
UDP Chunk 219 sent to client 5
UDP Chunk 220 sent to client 5
UDP Chunk 221 sent to client 5
UDP Chunk 222 sent to client 5
UDP Chunk 223 sent to client 5
UDP Chunk 224 sent to client 5
UDP chunk 225 dropped.
UDP Chunk 226 sent to client 5
UDP Chunk 227 sent to client 5
UDP chunk 228 dropped.
UDP Chunk 229 sent to client 5
UDP Chunk 230 sent to client 5
UDP Chunk 231 sent to client 5
UDP Chunk 232 sent to client 5
UDP Chunk 233 sent to client 5
UDP Chunk 234 sent to client 5
UDP Chunk 235 sent to client 5
UDP Chunk 236 sent to client 5
UDP Chunk 237 sent to client 5
UDP Chunk 238 sent to client 5
UDP Chunk 239 sent to client 5
UDP Chunk 240 sent to client 5
UDP Chunk 241 sent to client 5
UDP Chunk 242 sent to client 5
UDP Chunk 243 sent to client 5
UDP Chunk 244 sent to client 5
UDP Chunk 245 sent to client 5
UDP Chunk 246 sent to client 5
UDP Chunk 247 sent to client 5
UDP chunk 248 dropped.
UDP Chunk 249 sent to client 5
UDP Chunk 250 sent to client 5
UDP Chunk 251 sent to client 5
UDP Chunk 252 sent to client 5
UDP Chunk 253 sent to client 5
UDP Chunk 254 sent to client 5
UDP Chunk 255 sent to client 5
UDP Chunk 256 sent to client 5
UDP Chunk 257 sent to client 5
UDP Chunk 258 sent to client 5
UDP chunk 259 dropped.
UDP Chunk 260 sent to client 5
UDP Chunk 261 sent to client 5
UDP Chunk 262 sent to client 5
UDP Chunk 263 sent to client 5
UDP Chunk 264 sent to client 5
UDP Chunk 265 sent to client 5
UDP chunk 266 dropped.
UDP Chunk 267 sent to client 5
UDP Chunk 268 sent to client 5
UDP Chunk 269 sent to client 5
UDP Chunk 270 sent to client 5
UDP Chunk 271 sent to client 5
UDP Chunk 272 sent to client 5
UDP Chunk 273 sent to client 5
UDP Chunk 274 sent to client 5
UDP Chunk 275 sent to client 5
UDP Chunk 276 sent to client 5
UDP Chunk 277 sent to client 5
UDP Chunk 278 sent to client 5
UDP Chunk 279 sent to client 5
UDP Chunk 280 sent to client 5
UDP Chunk 281 sent to client 5
UDP Chunk 282 sent to client 5
UDP Chunk 283 sent to client 5
UDP Chunk 284 sent to client 5
UDP Chunk 285 sent to client 5
UDP Chunk 286 sent to client 5
UDP Chunk 287 sent to client 5
UDP Chunk 288 sent to client 5
UDP Chunk 289 sent to client 5
UDP Chunk 290 sent to client 5
UDP Chunk 291 sent to client 5
UDP Chunk 292 sent to client 5
UDP Chunk 293 sent to client 5
UDP Chunk 294 sent to client 5
UDP Chunk 295 sent to client 5
UDP Chunk 296 sent to client 5
UDP Chunk 297 sent to client 5
UDP Chunk 298 sent to client 5
UDP Chunk 299 sent to client 5
UDP Chunk 300 sent to client 5
UDP chunk 301 dropped.
Client 6 @127.0.0.1:50972 → wants 1080p via UDP (UDP port 52495)
UDP chunk 1 dropped.
UDP Chunk 2 sent to client 6
UDP Chunk 3 sent to client 6
UDP chunk 4 dropped.
UDP Chunk 5 sent to client 6
UDP Chunk 6 sent to client 6
UDP Chunk 7 sent to client 6
UDP Chunk 8 sent to client 6
UDP chunk 9 dropped.
UDP Chunk 10 sent to client 6
UDP Chunk 11 sent to client 6
UDP chunk 12 dropped.
UDP Chunk 13 sent to client 6
UDP Chunk 14 sent to client 6
UDP Chunk 15 sent to client 6
UDP Chunk 16 sent to client 6
UDP Chunk 17 sent to client 6
UDP Chunk 18 sent to client 6
UDP chunk 19 dropped.
UDP Chunk 20 sent to client 6
UDP Chunk 21 sent to client 6
UDP Chunk 22 sent to client 6
UDP Chunk 23 sent to client 6
UDP Chunk 24 sent to client 6
UDP Chunk 25 sent to client 6
UDP Chunk 26 sent to client 6
UDP Chunk 27 sent to client 6
UDP Chunk 28 sent to client 6
UDP Chunk 29 sent to client 6
UDP Chunk 30 sent to client 6
UDP Chunk 31 sent to client 6
UDP Chunk 32 sent to client 6
UDP Chunk 33 sent to client 6
UDP Chunk 34 sent to client 6
UDP Chunk 35 sent to client 6
UDP Chunk 36 sent to client 6
UDP chunk 37 dropped.
UDP Chunk 38 sent to client 6
UDP Chunk 39 sent to client 6
UDP Chunk 40 sent to client 6
UDP Chunk 41 sent to client 6
UDP Chunk 42 sent to client 6
UDP Chunk 43 sent to client 6
UDP Chunk 44 sent to client 6
UDP Chunk 45 sent to client 6
UDP Chunk 46 sent to client 6
UDP Chunk 47 sent to client 6
UDP Chunk 48 sent to client 6
UDP Chunk 49 sent to client 6
UDP Chunk 50 sent to client 6
UDP Chunk 51 sent to client 6
UDP Chunk 52 sent to client 6
UDP Chunk 53 sent to client 6
UDP Chunk 54 sent to client 6
UDP Chunk 55 sent to client 6
UDP Chunk 56 sent to client 6
UDP Chunk 57 sent to client 6
UDP Chunk 58 sent to client 6
UDP Chunk 59 sent to client 6
UDP Chunk 60 sent to client 6
UDP Chunk 61 sent to client 6
UDP Chunk 62 sent to client 6
UDP Chunk 63 sent to client 6
UDP Chunk 64 sent to client 6
UDP Chunk 65 sent to client 6
UDP Chunk 66 sent to client 6
UDP Chunk 67 sent to client 6
UDP Chunk 68 sent to client 6
UDP Chunk 69 sent to client 6
UDP Chunk 70 sent to client 6
UDP Chunk 71 sent to client 6
UDP Chunk 72 sent to client 6
UDP Chunk 73 sent to client 6
UDP Chunk 74 sent to client 6
UDP Chunk 75 sent to client 6
UDP Chunk 76 sent to client 6
UDP Chunk 77 sent to client 6
UDP Chunk 78 sent to client 6
UDP Chunk 79 sent to client 6
UDP Chunk 80 sent to client 6
UDP Chunk 81 sent to client 6
UDP Chunk 82 sent to client 6
UDP Chunk 83 sent to client 6
UDP Chunk 84 sent to client 6
UDP Chunk 85 sent to client 6
UDP Chunk 86 sent to client 6
UDP Chunk 87 sent to client 6
UDP Chunk 88 sent to client 6
UDP Chunk 89 sent to client 6
UDP Chunk 90 sent to client 6
UDP Chunk 91 sent to client 6
UDP Chunk 92 sent to client 6
UDP chunk 93 dropped.
UDP Chunk 94 sent to client 6
UDP Chunk 95 sent to client 6
UDP Chunk 96 sent to client 6
UDP Chunk 97 sent to client 6
UDP Chunk 98 sent to client 6
UDP Chunk 99 sent to client 6
UDP Chunk 100 sent to client 6
UDP Chunk 101 sent to client 6
UDP chunk 102 dropped.
UDP Chunk 103 sent to client 6
UDP Chunk 104 sent to client 6
UDP Chunk 105 sent to client 6
UDP Chunk 106 sent to client 6
UDP Chunk 107 sent to client 6
UDP Chunk 108 sent to client 6
UDP Chunk 109 sent to client 6
UDP Chunk 110 sent to client 6
UDP Chunk 111 sent to client 6
UDP Chunk 112 sent to client 6
UDP Chunk 113 sent to client 6
UDP Chunk 114 sent to client 6
UDP Chunk 115 sent to client 6
UDP Chunk 116 sent to client 6
UDP Chunk 117 sent to client 6
UDP Chunk 118 sent to client 6
UDP Chunk 119 sent to client 6
UDP Chunk 120 sent to client 6
UDP Chunk 121 sent to client 6
UDP Chunk 122 sent to client 6
UDP Chunk 123 sent to client 6
UDP Chunk 124 sent to client 6
UDP Chunk 125 sent to client 6
UDP Chunk 126 sent to client 6
UDP Chunk 127 sent to client 6
UDP Chunk 128 sent to client 6
UDP Chunk 129 sent to client 6
UDP Chunk 130 sent to client 6
UDP Chunk 131 sent to client 6
UDP Chunk 132 sent to client 6
UDP Chunk 133 sent to client 6
UDP Chunk 134 sent to client 6
UDP Chunk 135 sent to client 6
UDP Chunk 136 sent to client 6
UDP Chunk 137 sent to client 6
UDP Chunk 138 sent to client 6
UDP Chunk 139 sent to client 6
UDP Chunk 140 sent to client 6
UDP Chunk 141 sent to client 6
UDP Chunk 142 sent to client 6
UDP chunk 143 dropped.
UDP Chunk 144 sent to client 6
UDP Chunk 145 sent to client 6
UDP Chunk 146 sent to client 6
UDP Chunk 147 sent to client 6
UDP Chunk 148 sent to client 6
UDP chunk 149 dropped.
UDP Chunk 150 sent to client 6
UDP Chunk 151 sent to client 6
UDP Chunk 152 sent to client 6
UDP Chunk 153 sent to client 6
UDP Chunk 154 sent to client 6
UDP Chunk 155 sent to client 6
UDP Chunk 156 sent to client 6
UDP Chunk 157 sent to client 6
UDP Chunk 158 sent to client 6
UDP Chunk 159 sent to client 6
UDP Chunk 160 sent to client 6
UDP Chunk 161 sent to client 6
UDP Chunk 162 sent to client 6
UDP Chunk 163 sent to client 6
UDP Chunk 164 sent to client 6
UDP Chunk 165 sent to client 6
UDP Chunk 166 sent to client 6
UDP Chunk 167 sent to client 6
UDP Chunk 168 sent to client 6
UDP Chunk 169 sent to client 6
UDP Chunk 170 sent to client 6
UDP Chunk 171 sent to client 6
UDP Chunk 172 sent to client 6
UDP Chunk 173 sent to client 6
UDP Chunk 174 sent to client 6
UDP Chunk 175 sent to client 6
UDP chunk 176 dropped.
UDP Chunk 177 sent to client 6
UDP Chunk 178 sent to client 6
UDP Chunk 179 sent to client 6
UDP Chunk 180 sent to client 6
UDP Chunk 181 sent to client 6
UDP Chunk 182 sent to client 6
UDP Chunk 183 sent to client 6
UDP Chunk 184 sent to client 6
UDP Chunk 185 sent to client 6
UDP Chunk 186 sent to client 6
UDP chunk 187 dropped.
UDP Chunk 188 sent to client 6
UDP Chunk 189 sent to client 6
UDP Chunk 190 sent to client 6
UDP Chunk 191 sent to client 6
UDP Chunk 192 sent to client 6
UDP Chunk 193 sent to client 6
UDP Chunk 194 sent to client 6
UDP Chunk 195 sent to client 6
UDP Chunk 196 sent to client 6
UDP Chunk 197 sent to client 6
UDP Chunk 198 sent to client 6
UDP Chunk 199 sent to client 6
UDP Chunk 200 sent to client 6
UDP Chunk 201 sent to client 6
UDP Chunk 202 sent to client 6
UDP Chunk 203 sent to client 6
UDP Chunk 204 sent to client 6
UDP Chunk 205 sent to client 6
UDP Chunk 206 sent to client 6
UDP Chunk 207 sent to client 6
UDP Chunk 208 sent to client 6
UDP Chunk 209 sent to client 6
UDP Chunk 210 sent to client 6
UDP Chunk 211 sent to client 6
UDP Chunk 212 sent to client 6
UDP Chunk 213 sent to client 6
UDP Chunk 214 sent to client 6
UDP Chunk 215 sent to client 6
UDP Chunk 216 sent to client 6
UDP Chunk 217 sent to client 6
UDP Chunk 218 sent to client 6
UDP Chunk 219 sent to client 6
UDP Chunk 220 sent to client 6
UDP Chunk 221 sent to client 6
UDP Chunk 222 sent to client 6
UDP Chunk 223 sent to client 6
UDP Chunk 224 sent to client 6
UDP Chunk 225 sent to client 6
UDP Chunk 226 sent to client 6
UDP Chunk 227 sent to client 6
UDP Chunk 228 sent to client 6
UDP chunk 229 dropped.
UDP Chunk 230 sent to client 6
UDP Chunk 231 sent to client 6
UDP chunk 232 dropped.
UDP Chunk 233 sent to client 6
UDP Chunk 234 sent to client 6
UDP Chunk 235 sent to client 6
UDP chunk 236 dropped.
UDP Chunk 237 sent to client 6
UDP Chunk 238 sent to client 6
UDP Chunk 239 sent to client 6
UDP Chunk 240 sent to client 6
UDP Chunk 241 sent to client 6
UDP Chunk 242 sent to client 6
UDP Chunk 243 sent to client 6
UDP Chunk 244 sent to client 6
UDP Chunk 245 sent to client 6
UDP Chunk 246 sent to client 6
UDP Chunk 247 sent to client 6
UDP Chunk 248 sent to client 6
UDP Chunk 249 sent to client 6
UDP Chunk 250 sent to client 6
UDP Chunk 251 sent to client 6
UDP Chunk 252 sent to client 6
UDP Chunk 253 sent to client 6
UDP Chunk 254 sent to client 6
UDP Chunk 255 sent to client 6
UDP chunk 256 dropped.
UDP Chunk 257 sent to client 6
UDP Chunk 258 sent to client 6
UDP Chunk 259 sent to client 6
UDP Chunk 260 sent to client 6
UDP Chunk 261 sent to client 6
UDP Chunk 262 sent to client 6
UDP Chunk 263 sent to client 6
UDP Chunk 264 sent to client 6
UDP Chunk 265 sent to client 6
UDP Chunk 266 sent to client 6
UDP Chunk 267 sent to client 6
UDP Chunk 268 sent to client 6
UDP Chunk 269 sent to client 6
UDP Chunk 270 sent to client 6
UDP Chunk 271 sent to client 6
UDP Chunk 272 sent to client 6
UDP Chunk 273 sent to client 6
UDP Chunk 274 sent to client 6
UDP Chunk 275 sent to client 6
UDP Chunk 276 sent to client 6
UDP Chunk 277 sent to client 6
UDP Chunk 278 sent to client 6
UDP Chunk 279 sent to client 6
UDP Chunk 280 sent to client 6
UDP Chunk 281 sent to client 6
UDP Chunk 282 sent to client 6
UDP Chunk 283 sent to client 6
UDP Chunk 284 sent to client 6
UDP Chunk 285 sent to client 6
UDP Chunk 286 sent to client 6
UDP Chunk 287 sent to client 6
UDP Chunk 288 sent to client 6
UDP Chunk 289 sent to client 6
UDP Chunk 290 sent to client 6
UDP chunk 291 dropped.
UDP chunk 292 dropped.
UDP Chunk 293 sent to client 6
UDP Chunk 294 sent to client 6
UDP Chunk 295 sent to client 6
UDP Chunk 296 sent to client 6
UDP Chunk 297 sent to client 6
UDP Chunk 298 sent to client 6
UDP Chunk 299 sent to client 6
UDP Chunk 300 sent to client 6
UDP Chunk 301 sent to client 6
UDP Chunk 302 sent to client 6
UDP Chunk 303 sent to client 6
UDP Chunk 304 sent to client 6
UDP Chunk 305 sent to client 6
UDP Chunk 306 sent to client 6
UDP Chunk 307 sent to client 6
UDP Chunk 308 sent to client 6
UDP Chunk 309 sent to client 6
UDP Chunk 310 sent to client 6
UDP Chunk 311 sent to client 6
UDP Chunk 312 sent to client 6
UDP Chunk 313 sent to client 6
UDP Chunk 314 sent to client 6
UDP Chunk 315 sent to client 6
UDP Chunk 316 sent to client 6
UDP Chunk 317 sent to client 6
UDP Chunk 318 sent to client 6
UDP Chunk 319 sent to client 6
UDP Chunk 320 sent to client 6
UDP Chunk 321 sent to client 6
UDP Chunk 322 sent to client 6
UDP Chunk 323 sent to client 6
UDP Chunk 324 sent to client 6
UDP Chunk 325 sent to client 6
UDP Chunk 326 sent to client 6
UDP chunk 327 dropped.
UDP Chunk 328 sent to client 6
UDP Chunk 329 sent to client 6
UDP Chunk 330 sent to client 6
UDP Chunk 331 sent to client 6
UDP Chunk 332 sent to client 6
UDP Chunk 333 sent to client 6
UDP Chunk 334 sent to client 6
UDP Chunk 335 sent to client 6
UDP Chunk 336 sent to client 6
UDP Chunk 337 sent to client 6
UDP Chunk 338 sent to client 6
UDP Chunk 339 sent to client 6
UDP Chunk 340 sent to client 6
UDP Chunk 341 sent to client 6
UDP Chunk 342 sent to client 6
UDP Chunk 343 sent to client 6
UDP Chunk 344 sent to client 6
UDP Chunk 345 sent to client 6
UDP Chunk 346 sent to client 6
UDP Chunk 347 sent to client 6
UDP Chunk 348 sent to client 6
UDP Chunk 349 sent to client 6
UDP Chunk 350 sent to client 6
UDP Chunk 351 sent to client 6
UDP Chunk 352 sent to client 6
UDP Chunk 353 sent to client 6
UDP Chunk 354 sent to client 6
UDP chunk 355 dropped.
UDP Chunk 356 sent to client 6
UDP Chunk 357 sent to client 6
UDP Chunk 358 sent to client 6
UDP Chunk 359 sent to client 6
UDP Chunk 360 sent to client 6
UDP Chunk 361 sent to client 6
UDP Chunk 362 sent to client 6
UDP chunk 363 dropped.
UDP Chunk 364 sent to client 6
UDP Chunk 365 sent to client 6
UDP Chunk 366 sent to client 6
UDP Chunk 367 sent to client 6
UDP Chunk 368 sent to client 6
UDP Chunk 369 sent to client 6
UDP Chunk 370 sent to client 6
UDP Chunk 371 sent to client 6
UDP Chunk 372 sent to client 6
UDP Chunk 373 sent to client 6
UDP Chunk 374 sent to client 6
UDP Chunk 375 sent to client 6
UDP Chunk 376 sent to client 6
UDP Chunk 377 sent to client 6
UDP Chunk 378 sent to client 6
UDP Chunk 379 sent to client 6
UDP Chunk 380 sent to client 6
UDP Chunk 381 sent to client 6
UDP Chunk 382 sent to client 6
UDP Chunk 383 sent to client 6
UDP Chunk 384 sent to client 6
UDP Chunk 385 sent to client 6
UDP Chunk 386 sent to client 6
UDP Chunk 387 sent to client 6
UDP Chunk 388 sent to client 6
UDP Chunk 389 sent to client 6
UDP Chunk 390 sent to client 6
UDP Chunk 391 sent to client 6
UDP Chunk 392 sent to client 6
UDP Chunk 393 sent to client 6
UDP Chunk 394 sent to client 6
UDP Chunk 395 sent to client 6
UDP Chunk 396 sent to client 6
UDP Chunk 397 sent to client 6
UDP Chunk 398 sent to client 6
UDP Chunk 399 sent to client 6
UDP Chunk 400 sent to client 6
UDP Chunk 401 sent to client 6
UDP Chunk 402 sent to client 6
UDP Chunk 403 sent to client 6
UDP Chunk 404 sent to client 6
UDP Chunk 405 sent to client 6
UDP Chunk 406 sent to client 6
UDP Chunk 407 sent to client 6
UDP Chunk 408 sent to client 6
UDP Chunk 409 sent to client 6
UDP Chunk 410 sent to client 6
UDP chunk 411 dropped.
UDP Chunk 412 sent to client 6
UDP Chunk 413 sent to client 6
UDP Chunk 414 sent to client 6
UDP Chunk 415 sent to client 6
UDP Chunk 416 sent to client 6
UDP Chunk 417 sent to client 6
UDP Chunk 418 sent to client 6
UDP Chunk 419 sent to client 6
UDP Chunk 420 sent to client 6
UDP Chunk 421 sent to client 6
UDP Chunk 422 sent to client 6
UDP Chunk 423 sent to client 6
UDP Chunk 424 sent to client 6
UDP Chunk 425 sent to client 6
UDP Chunk 426 sent to client 6
UDP Chunk 427 sent to client 6
UDP Chunk 428 sent to client 6
UDP Chunk 429 sent to client 6
UDP Chunk 430 sent to client 6
UDP Chunk 431 sent to client 6
UDP Chunk 432 sent to client 6
UDP Chunk 433 sent to client 6
UDP Chunk 434 sent to client 6
UDP Chunk 435 sent to client 6
UDP Chunk 436 sent to client 6
UDP Chunk 437 sent to client 6
UDP Chunk 438 sent to client 6
UDP Chunk 439 sent to client 6
UDP Chunk 440 sent to client 6
UDP Chunk 441 sent to client 6
UDP Chunk 442 sent to client 6
UDP Chunk 443 sent to client 6
UDP Chunk 444 sent to client 6
UDP Chunk 445 sent to client 6
UDP Chunk 446 sent to client 6
UDP Chunk 447 sent to client 6
UDP Chunk 448 sent to client 6
UDP Chunk 449 sent to client 6
UDP chunk 450 dropped.
UDP chunk 451 dropped.
UDP Chunk 452 sent to client 6
UDP Chunk 453 sent to client 6
UDP Chunk 454 sent to client 6
UDP Chunk 455 sent to client 6
UDP Chunk 456 sent to client 6
UDP Chunk 457 sent to client 6
UDP Chunk 458 sent to client 6
UDP chunk 459 dropped.
UDP Chunk 460 sent to client 6
UDP Chunk 461 sent to client 6
UDP Chunk 462 sent to client 6
UDP Chunk 463 sent to client 6
UDP Chunk 464 sent to client 6
UDP chunk 465 dropped.
UDP Chunk 466 sent to client 6
UDP Chunk 467 sent to client 6
UDP Chunk 468 sent to client 6
UDP Chunk 469 sent to client 6
UDP Chunk 470 sent to client 6
UDP Chunk 471 sent to client 6
UDP Chunk 472 sent to client 6
UDP Chunk 473 sent to client 6
UDP Chunk 474 sent to client 6
UDP Chunk 475 sent to client 6
UDP Chunk 476 sent to client 6
UDP Chunk 477 sent to client 6
UDP Chunk 478 sent to client 6
UDP Chunk 479 sent to client 6
UDP Chunk 480 sent to client 6
UDP Chunk 481 sent to client 6
UDP Chunk 482 sent to client 6
UDP Chunk 483 sent to client 6
UDP Chunk 484 sent to client 6
UDP Chunk 485 sent to client 6
UDP chunk 486 dropped.
UDP Chunk 487 sent to client 6
UDP Chunk 488 sent to client 6
UDP Chunk 489 sent to client 6
UDP Chunk 490 sent to client 6
UDP Chunk 491 sent to client 6
UDP Chunk 492 sent to client 6
UDP Chunk 493 sent to client 6
UDP Chunk 494 sent to client 6
UDP Chunk 495 sent to client 6
UDP Chunk 496 sent to client 6
UDP Chunk 497 sent to client 6
UDP Chunk 498 sent to client 6
UDP Chunk 499 sent to client 6
UDP Chunk 500 sent to client 6
UDP Chunk 501 sent to client 6
UDP Chunk 502 sent to client 6
UDP Chunk 503 sent to client 6
UDP Chunk 504 sent to client 6
UDP Chunk 505 sent to client 6
UDP chunk 506 dropped.
UDP Chunk 507 sent to client 6
UDP Chunk 508 sent to client 6
UDP Chunk 509 sent to client 6
UDP Chunk 510 sent to client 6
UDP Chunk 511 sent to client 6
UDP Chunk 512 sent to client 6
UDP Chunk 513 sent to client 6
UDP Chunk 514 sent to client 6
UDP Chunk 515 sent to client 6
UDP Chunk 516 sent to client 6
UDP Chunk 517 sent to client 6
UDP Chunk 518 sent to client 6
UDP Chunk 519 sent to client 6
UDP Chunk 520 sent to client 6
UDP Chunk 521 sent to client 6
UDP Chunk 522 sent to client 6
UDP Chunk 523 sent to client 6
UDP Chunk 524 sent to client 6
UDP Chunk 525 sent to client 6
UDP Chu